./version.sh
make MAKETARGET='imd_mpi_eam_fdtd_ttm_nbl_pdecay' STAGE2
make[1]: Entering directory '/user/eisfeld/imd_FDTD/src'
make MAKETARGET='imd_mpi_eam_fdtd_ttm_nbl_pdecay' imd_mpi_eam_fdtd_ttm_nbl_pdecay
make[2]: Entering directory '/user/eisfeld/imd_FDTD/src'
mpicc  -O2 -Wno-deprecated-declarations -funroll-loops -march=corei7-avx -mtune=corei7-avx -mavx2 -ftree-vectorize -m64 -ffast-math -ftree-vectorizer-verbose=2    -DMPI  -DNBL -DEAM2 -DPDECAY -DTTM -DFDTD -c imd_maxwell.c
mpicc  -O2 -Wno-deprecated-declarations -funroll-loops -march=corei7-avx -mtune=corei7-avx -mavx2 -ftree-vectorize -m64 -ffast-math -ftree-vectorizer-verbose=2    -DMPI  -DNBL -DEAM2 -DPDECAY -DTTM -DFDTD -c imd_integrate.c
mpicc  -O2 -Wno-deprecated-declarations -funroll-loops -march=corei7-avx -mtune=corei7-avx -mavx2 -ftree-vectorize -m64 -ffast-math -ftree-vectorizer-verbose=2    -DMPI  -DNBL -DEAM2 -DPDECAY -DTTM -DFDTD -c imd_misc.c
mpicc  -O2 -Wno-deprecated-declarations -funroll-loops -march=corei7-avx -mtune=corei7-avx -mavx2 -ftree-vectorize -m64 -ffast-math -ftree-vectorizer-verbose=2    -DMPI  -DNBL -DEAM2 -DPDECAY -DTTM -DFDTD -c imd_param.c
mpicc  -O2 -Wno-deprecated-declarations -funroll-loops -march=corei7-avx -mtune=corei7-avx -mavx2 -ftree-vectorize -m64 -ffast-math -ftree-vectorizer-verbose=2    -DMPI  -DNBL -DEAM2 -DPDECAY -DTTM -DFDTD -c imd_alloc.c
mpicc  -O2 -Wno-deprecated-declarations -funroll-loops -march=corei7-avx -mtune=corei7-avx -mavx2 -ftree-vectorize -m64 -ffast-math -ftree-vectorizer-verbose=2    -DMPI  -DNBL -DEAM2 -DPDECAY -DTTM -DFDTD -c imd_io.c
mpicc  -O2 -Wno-deprecated-declarations -funroll-loops -march=corei7-avx -mtune=corei7-avx -mavx2 -ftree-vectorize -m64 -ffast-math -ftree-vectorizer-verbose=2    -DMPI  -DNBL -DEAM2 -DPDECAY -DTTM -DFDTD -c imd_io_3d.c
mpicc  -O2 -Wno-deprecated-declarations -funroll-loops -march=corei7-avx -mtune=corei7-avx -mavx2 -ftree-vectorize -m64 -ffast-math -ftree-vectorizer-verbose=2    -DMPI  -DNBL -DEAM2 -DPDECAY -DTTM -DFDTD -c imd_potential.c
mpicc  -O2 -Wno-deprecated-declarations -funroll-loops -march=corei7-avx -mtune=corei7-avx -mavx2 -ftree-vectorize -m64 -ffast-math -ftree-vectorizer-verbose=2    -DMPI  -DNBL -DEAM2 -DPDECAY -DTTM -DFDTD -c imd_time.c
mpicc  -O2 -Wno-deprecated-declarations -funroll-loops -march=corei7-avx -mtune=corei7-avx -mavx2 -ftree-vectorize -m64 -ffast-math -ftree-vectorizer-verbose=2    -DMPI  -DNBL -DEAM2 -DPDECAY -DTTM -DFDTD -c imd_generate.c
mpicc  -O2 -Wno-deprecated-declarations -funroll-loops -march=corei7-avx -mtune=corei7-avx -mavx2 -ftree-vectorize -m64 -ffast-math -ftree-vectorizer-verbose=2    -DMPI  -DNBL -DEAM2 -DPDECAY -DTTM -DFDTD -c imd_distrib.c
mpicc  -O2 -Wno-deprecated-declarations -funroll-loops -march=corei7-avx -mtune=corei7-avx -mavx2 -ftree-vectorize -m64 -ffast-math -ftree-vectorizer-verbose=2    -DMPI  -DNBL -DEAM2 -DPDECAY -DTTM -DFDTD -c imd_main_3d.c
mpicc  -O2 -Wno-deprecated-declarations -funroll-loops -march=corei7-avx -mtune=corei7-avx -mavx2 -ftree-vectorize -m64 -ffast-math -ftree-vectorizer-verbose=2    -DMPI  -DNBL -DEAM2 -DPDECAY -DTTM -DFDTD -c imd_geom_3d.c
mpicc  -O2 -Wno-deprecated-declarations -funroll-loops -march=corei7-avx -mtune=corei7-avx -mavx2 -ftree-vectorize -m64 -ffast-math -ftree-vectorizer-verbose=2    -DMPI  -DNBL -DEAM2 -DPDECAY -DTTM -DFDTD -c imd_pictures_3d.c
mpicc  -O2 -Wno-deprecated-declarations -funroll-loops -march=corei7-avx -mtune=corei7-avx -mavx2 -ftree-vectorize -m64 -ffast-math -ftree-vectorizer-verbose=2    -DMPI  -DNBL -DEAM2 -DPDECAY -DTTM -DFDTD -c imd_geom_mpi_3d.c
mpicc  -O2 -Wno-deprecated-declarations -funroll-loops -march=corei7-avx -mtune=corei7-avx -mavx2 -ftree-vectorize -m64 -ffast-math -ftree-vectorizer-verbose=2    -DMPI  -DNBL -DEAM2 -DPDECAY -DTTM -DFDTD -c imd_comm_force_3d.c
mpicc  -O2 -Wno-deprecated-declarations -funroll-loops -march=corei7-avx -mtune=corei7-avx -mavx2 -ftree-vectorize -m64 -ffast-math -ftree-vectorizer-verbose=2    -DMPI  -DNBL -DEAM2 -DPDECAY -DTTM -DFDTD -c imd_fix_cells_3d.c
mpicc  -O2 -Wno-deprecated-declarations -funroll-loops -march=corei7-avx -mtune=corei7-avx -mavx2 -ftree-vectorize -m64 -ffast-math -ftree-vectorizer-verbose=2    -DMPI  -DNBL -DEAM2 -DPDECAY -DTTM -DFDTD -c imd_mpi_util.c
mpicc  -O2 -Wno-deprecated-declarations -funroll-loops -march=corei7-avx -mtune=corei7-avx -mavx2 -ftree-vectorize -m64 -ffast-math -ftree-vectorizer-verbose=2    -DMPI  -DNBL -DEAM2 -DPDECAY -DTTM -DFDTD -c imd.c
mpicc  -O2 -Wno-deprecated-declarations -funroll-loops -march=corei7-avx -mtune=corei7-avx -mavx2 -ftree-vectorize -m64 -ffast-math -ftree-vectorizer-verbose=2    -DMPI  -DNBL -DEAM2 -DPDECAY -DTTM -DFDTD -c imd_ttm.c
mpicc  -O2 -Wno-deprecated-declarations -funroll-loops -march=corei7-avx -mtune=corei7-avx -mavx2 -ftree-vectorize -m64 -ffast-math -ftree-vectorizer-verbose=2    -DMPI  -DNBL -DEAM2 -DPDECAY -DTTM -DFDTD -c imd_fdtd.c
mpicc  -O2 -Wno-deprecated-declarations -funroll-loops -march=corei7-avx -mtune=corei7-avx -mavx2 -ftree-vectorize -m64 -ffast-math -ftree-vectorizer-verbose=2    -DMPI  -DNBL -DEAM2 -DPDECAY -DTTM -DFDTD   -c imd_forces_nbl.c
mpicc  -o imd_mpi_eam_fdtd_ttm_nbl_pdecay imd_maxwell.o imd_integrate.o imd_misc.o imd_param.o imd_alloc.o imd_io.o imd_io_3d.o imd_potential.o imd_time.o imd_generate.o imd_distrib.o imd_main_3d.o imd_geom_3d.o imd_pictures_3d.o imd_geom_mpi_3d.o imd_comm_force_3d.o imd_fix_cells_3d.o imd_mpi_util.o imd.o imd_ttm.o imd_fdtd.o imd_forces_nbl.o -lm 
mv       imd_mpi_eam_fdtd_ttm_nbl_pdecay /user/eisfeld/bin/imd_mpi_eam_fdtd_ttm_nbl_pdecay; rm -f imd_mpi_eam_fdtd_ttm_nbl_pdecay
make[2]: Leaving directory '/user/eisfeld/imd_FDTD/src'
make[1]: Leaving directory '/user/eisfeld/imd_FDTD/src'
